
SQL*Loader: Release 19.0.0.0.0 - Production on Mon Jun 10 00:17:29 2024
Version 19.3.0.0.0

Copyright (c) 1982, 2019, Oracle and/or its affiliates.  All rights reserved.

Control File:   /home/oracle/Descargas/SQL_LOADER/pedido.ctl
Data File:      /home/oracle/Descargas/SQL_LOADER/pedido.dat
  Bad File:     /home/oracle/Descargas/SQL_LOADER/pedido.bad
  Discard File:  none specified
 
 (Allow all discards)

Number to load: ALL
Number to skip: 0
Errors allowed: 50
Bind array:     250 rows, maximum of 1048576 bytes
Continuation:    none specified
Path used:      Conventional

Table PEDIDO, loaded from every logical record.
Insert option in effect for this table: APPEND

   Column Name                  Position   Len  Term Encl Datatype
------------------------------ ---------- ----- ---- ---- ---------------------
ID_PEDIDO                           FIRST     *   ,  O(") CHARACTER            
USUARIO_ID                           NEXT     *   ,  O(") CHARACTER            
PAGO_ID                              NEXT     *   ,  O(") CHARACTER            
STATUS                               NEXT     *   ,  O(") CHARACTER            


Table PEDIDO:
  20 Rows successfully loaded.
  0 Rows not loaded due to data errors.
  0 Rows not loaded because all WHEN clauses were failed.
  0 Rows not loaded because all fields were null.


Space allocated for bind array:                 258000 bytes(250 rows)
Read   buffer bytes: 1048576

Total logical records skipped:          0
Total logical records read:            20
Total logical records rejected:         0
Total logical records discarded:        0

Run began on Mon Jun 10 00:17:29 2024
Run ended on Mon Jun 10 00:17:30 2024

Elapsed time was:     00:00:00.77
CPU time was:         00:00:00.03
