
SQL*Loader: Release 19.0.0.0.0 - Production on Mon Jun 10 00:13:35 2024
Version 19.3.0.0.0

Copyright (c) 1982, 2019, Oracle and/or its affiliates.  All rights reserved.

Control File:   /home/oracle/Descargas/SQL_LOADER/producto.ctl
Data File:      /home/oracle/Descargas/SQL_LOADER/producto.dat
  Bad File:     /home/oracle/Descargas/SQL_LOADER/producto.bad
  Discard File:  none specified
 
 (Allow all discards)

Number to load: ALL
Number to skip: 0
Errors allowed: 50
Bind array:     250 rows, maximum of 1048576 bytes
Continuation:    none specified
Path used:      Conventional

Table PRODUCTO, loaded from every logical record.
Insert option in effect for this table: APPEND

   Column Name                  Position   Len  Term Encl Datatype
------------------------------ ---------- ----- ---- ---- ---------------------
ID_PRODUCTO                         FIRST     *   ,  O(") CHARACTER            
CATEGORIA_ID                         NEXT     *   ,  O(") CHARACTER            
NOMBRE                               NEXT     *   ,  O(") CHARACTER            
DESCRIPCION                          NEXT     *   ,  O(") CHARACTER            
IMAGEN                               NEXT     *   ,  O(") CHARACTER            
PRECIO                               NEXT     *   ,  O(") CHARACTER            
STOCK                                NEXT     *   ,  O(") CHARACTER            
FECHA_REG                            NEXT     *   ,  O(") DATE YYMMDD          
FECHA_ACT                            NEXT     *   ,  O(") DATE YYMMDD          

Record 3: Rejected - Error on table PRODUCTO.
ORA-02291: restriccion de integridad (PROGRA.FK_PRODUCTO_CATEGORIA) violada - clave principal no encontrada

Record 4: Rejected - Error on table PRODUCTO.
ORA-02291: restriccion de integridad (PROGRA.FK_PRODUCTO_CATEGORIA) violada - clave principal no encontrada

Record 5: Rejected - Error on table PRODUCTO.
ORA-02291: restriccion de integridad (PROGRA.FK_PRODUCTO_CATEGORIA) violada - clave principal no encontrada

Record 6: Rejected - Error on table PRODUCTO.
ORA-02291: restriccion de integridad (PROGRA.FK_PRODUCTO_CATEGORIA) violada - clave principal no encontrada

Record 7: Rejected - Error on table PRODUCTO.
ORA-02291: restriccion de integridad (PROGRA.FK_PRODUCTO_CATEGORIA) violada - clave principal no encontrada

Record 8: Rejected - Error on table PRODUCTO.
ORA-02291: restriccion de integridad (PROGRA.FK_PRODUCTO_CATEGORIA) violada - clave principal no encontrada

Record 9: Rejected - Error on table PRODUCTO.
ORA-02291: restriccion de integridad (PROGRA.FK_PRODUCTO_CATEGORIA) violada - clave principal no encontrada

Record 10: Rejected - Error on table PRODUCTO.
ORA-02291: restriccion de integridad (PROGRA.FK_PRODUCTO_CATEGORIA) violada - clave principal no encontrada


Table PRODUCTO:
  7 Rows successfully loaded.
  8 Rows not loaded due to data errors.
  0 Rows not loaded because all WHEN clauses were failed.
  0 Rows not loaded because all fields were null.


Space allocated for bind array:                 580500 bytes(250 rows)
Read   buffer bytes: 1048576

Total logical records skipped:          0
Total logical records read:            15
Total logical records rejected:         8
Total logical records discarded:        0

Run began on Mon Jun 10 00:13:35 2024
Run ended on Mon Jun 10 00:13:37 2024

Elapsed time was:     00:00:01.09
CPU time was:         00:00:00.02
